[Sat, 31 Oct 2020 08:17:16 +0700] [localhost] [::1] [Warning(2): imagecreatefrompng(C:/xampp/htdocs/nukeviet/themes/default/images/thuocloban/thuoc429.png): failed to open stream: No such file or directory] [FILE: /modules/thuocloban/funcs/thuoc429.php] [LINE: 42]
[Sat, 31 Oct 2020 08:17:16 +0700] [localhost] [::1] [Warning(2): imagecreatefrompng(C:/xampp/htdocs/nukeviet/themes/default/images/thuocloban/thuoc.png): failed to open stream: No such file or directory] [FILE: /modules/thuocloban/funcs/thuoc429.php] [LINE: 43]
[Sat, 31 Oct 2020 08:17:16 +0700] [localhost] [::1] [Warning(2): imagesx() expects parameter 1 to be resource, bool given] [FILE: /modules/thuocloban/funcs/thuoc429.php] [LINE: 52]
[Sat, 31 Oct 2020 08:17:16 +0700] [localhost] [::1] [Warning(2): imagesx() expects parameter 1 to be resource, bool given] [FILE: /modules/thuocloban/funcs/thuoc429.php] [LINE: 53]
[Sat, 31 Oct 2020 08:17:16 +0700] [localhost] [::1] [Error(1): Maximum execution time of 120 seconds exceeded] [FILE: /vendor/vinades/nukeviet/Core/Error.php] [LINE: 590]
[Sat, 31 Oct 2020 08:17:16 +0700] [localhost] [::1] [Error(1): Maximum execution time of 120 seconds exceeded] [FILE: /vendor/vinades/nukeviet/Core/Request.php] [LINE: 575]
[Sat, 31 Oct 2020 08:17:16 +0700] [localhost] [::1] [Error(1): Maximum execution time of 120 seconds exceeded] [FILE: /includes/core/captcha.php] [LINE: 10]
[Sat, 31 Oct 2020 08:20:26 +0700] [localhost] [::1] [Notice(8): Undefined index: search-news] [FILE: /modules/search-news/functions.php] [LINE: 14]
[Sat, 31 Oct 2020 08:20:29 +0700] [localhost] [::1] [Error(1): Maximum execution time of 120 seconds exceeded] [FILE: /includes/language/vi/functions.php] [LINE: 11]
[Sat, 31 Oct 2020 08:24:03 +0700] [localhost] [::1] [Warning(2): imagecreatefrompng(C:/xampp/htdocs/nukeviet/themes/default/images/thuocloban/thuoc522.png): failed to open stream: No such file or directory] [FILE: /modules/thuocloban/funcs/thuoc522.php] [LINE: 42]
[Sat, 31 Oct 2020 08:24:03 +0700] [localhost] [::1] [Warning(2): imagecreatefrompng(C:/xampp/htdocs/nukeviet/themes/default/images/thuocloban/thuoc.png): failed to open stream: No such file or directory] [FILE: /modules/thuocloban/funcs/thuoc522.php] [LINE: 43]
[Sat, 31 Oct 2020 08:24:03 +0700] [localhost] [::1] [Warning(2): imagesx() expects parameter 1 to be resource, bool given] [FILE: /modules/thuocloban/funcs/thuoc522.php] [LINE: 52]
[Sat, 31 Oct 2020 08:24:03 +0700] [localhost] [::1] [Warning(2): imagesx() expects parameter 1 to be resource, bool given] [FILE: /modules/thuocloban/funcs/thuoc522.php] [LINE: 53]
[Sat, 31 Oct 2020 08:24:03 +0700] [localhost] [::1] [Error(1): Maximum execution time of 120 seconds exceeded] [FILE: /includes/language.php] [LINE: 11]
[Sat, 31 Oct 2020 08:24:03 +0700] [localhost] [::1] [Error(1): Maximum execution time of 120 seconds exceeded] [FILE: /includes/core/captcha.php] [LINE: 51]
[Sat, 31 Oct 2020 08:40:52 +0700] [localhost] [::1] [Error(1): Maximum execution time of 120 seconds exceeded] [FILE: /includes/language/vi/global.php] [LINE: 12]
[Sat, 31 Oct 2020 08:43:03 +0700] [localhost] [::1] [Error(1): Maximum execution time of 120 seconds exceeded] [FILE: /vendor/vinades/nukeviet/Core/Error.php] [LINE: 493]
[Sat, 31 Oct 2020 08:43:03 +0700] [localhost] [::1] [Error(1): Maximum execution time of 120 seconds exceeded] [FILE: /modules/thuocloban/funcs/thuoc388.php] [LINE: 11]
[Sat, 31 Oct 2020 08:45:31 +0700] [localhost] [::1] [Warning(2): preg_replace(): Compilation failed: invalid range in character class at offset 8] [FILE: /includes/core/filesystem_functions.php] [LINE: 166]
[Sat, 31 Oct 2020 08:45:31 +0700] [localhost] [::1] [Warning(2): preg_replace(): Compilation failed: invalid range in character class at offset 8] [FILE: /includes/core/filesystem_functions.php] [LINE: 194]
[Sat, 31 Oct 2020 08:45:33 +0700] [localhost] [::1] [Warning(2): mkdir(): File exists] [FILE: /admin/extensions/upload.php] [LINE: 226]
[Sat, 31 Oct 2020 08:45:43 +0700] [localhost] [::1] [Notice(8): Undefined index: googleMapsAPI] [FILE: /themes/themtet2018/blocks/global.company_info.php] [LINE: 176]
[Sat, 31 Oct 2020 08:48:02 +0700] [localhost] [::1] [Warning(2): file_get_contents(C:/xampp/htdocs/nukeviet/themes//modules/work-schedules\main.tpl): failed to open stream: No such file or directory] [FILE: /includes/xtemplate.class.php] [LINE: 1395]
[Sat, 31 Oct 2020 08:51:34 +0700] [localhost] [::1] [Run-time notices(8192): The each() function is deprecated. This message will be suppressed on further calls] [FILE: /modules/work-schedules/theme.php] [LINE: 563]
[Sat, 31 Oct 2020 08:52:39 +0700] [localhost] [::1] [Notice(8): Undefined index: search-news] [FILE: /modules/search-news/admin/main.php] [LINE: 35]
[Sat, 31 Oct 2020 09:24:20 +0700] [localhost] [::1] [Notice(8): Undefined variable: array_item] [FILE: /modules/menu/admin/rows.php] [LINE: 47]
[Sat, 31 Oct 2020 09:24:20 +0700] [localhost] [::1] [Warning(2): Invalid argument supplied for foreach()] [FILE: /modules/menu/admin/rows.php] [LINE: 47]
[Sat, 31 Oct 2020 11:12:12 +0700] [localhost] [::1] [Error(1): Uncaught Error: Call to undefined method NukeViet\Core\NukeVietPDOStatement::blindParam() in C:\xampp\htdocs\nukeviet\modules\samples\admin\main.php:42
Stack trace:
#0 C:\xampp\htdocs\nukeviet\admin\index.php(175): require()
#1 {main}
  thrown] [FILE: /modules/samples/admin/main.php] [LINE: 42]
[Sat, 31 Oct 2020 11:25:47 +0700] [localhost] [::1] [Warning(2): implode(): Invalid arguments passed] [FILE: /modules/samples/admin/main.php] [LINE: 72]
